TN:
SF:/Users/samhouse/Documents/Coding/bootcamp/final_project/tech_hunt/app/assets/javascripts/components/header.js
FN:6,Header
FN:24,(anonymous_11)
FN:54,(anonymous_13)
FN:66,(anonymous_14)
FNF:4
FNH:1
FNDA:4,Header
FNDA:0,(anonymous_11)
FNDA:0,(anonymous_13)
FNDA:0,(anonymous_14)
DA:1,1
DA:2,1
DA:3,1
DA:6,12
DA:8,4
DA:9,4
DA:13,0
DA:17,0
DA:18,0
DA:25,0
DA:31,5
DA:32,1
DA:39,4
DA:48,5
DA:49,0
DA:54,0
DA:55,0
DA:60,5
DA:61,0
DA:66,0
DA:67,0
DA:71,5
LF:22
LH:12
BRDA:6,0,0,4
BRDA:6,0,1,0
BRDA:31,1,0,1
BRDA:31,1,1,4
BRDA:48,2,0,0
BRDA:48,2,1,5
BRDA:60,3,0,0
BRDA:60,3,1,5
BRF:8
BRH:5
end_of_record
TN:
SF:/Users/samhouse/Documents/Coding/bootcamp/final_project/tech_hunt/app/assets/javascripts/components/registration.js
FN:8,Registration
FN:52,(anonymous_11)
FN:63,(anonymous_12)
FN:66,(anonymous_13)
FN:78,(anonymous_14)
FN:81,(anonymous_15)
FN:86,(anonymous_16)
FNF:7
FNH:1
FNDA:2,Registration
FNDA:0,(anonymous_11)
FNDA:0,(anonymous_12)
FNDA:0,(anonymous_13)
FNDA:0,(anonymous_14)
FNDA:0,(anonymous_15)
FNDA:0,(anonymous_16)
DA:1,1
DA:2,1
DA:3,1
DA:4,1
DA:5,1
DA:8,6
DA:10,2
DA:20,2
DA:21,2
DA:22,2
DA:23,2
DA:28,0
DA:31,0
DA:34,0
DA:37,0
DA:38,0
DA:39,0
DA:52,0
DA:53,0
DA:54,0
DA:64,0
DA:67,0
DA:70,0
DA:79,0
DA:82,0
DA:87,0
DA:93,0
DA:94,0
DA:99,1
DA:104,3
DA:105,2
DA:117,1
DA:118,1
DA:128,3
LF:34
LH:17
BRDA:8,0,0,2
BRDA:8,0,1,0
BRDA:53,1,0,0
BRDA:53,1,1,0
BRDA:93,2,0,0
BRDA:93,2,1,0
BRDA:104,3,0,2
BRDA:104,3,1,1
BRDA:117,4,0,1
BRDA:117,4,1,0
BRF:10
BRH:4
end_of_record
TN:
SF:/Users/samhouse/Documents/Coding/bootcamp/final_project/tech_hunt/app/assets/javascripts/components/search.js
FN:7,Search
FN:18,(anonymous_11)
FNF:2
FNH:2
FNDA:2,Search
FNDA:9,(anonymous_11)
DA:1,1
DA:2,1
DA:4,1
DA:7,6
DA:9,2
DA:10,2
DA:14,1
DA:18,3
DA:19,9
DA:22,3
LF:10
LH:10
BRDA:7,0,0,2
BRDA:7,0,1,0
BRF:2
BRH:1
end_of_record
