TN:
SF:/Users/samhouse/Documents/Coding/bootcamp/final_project/tech_hunt/app/assets/javascripts/components/applicationShow.js
FNF:0
FNH:0
DA:1,1
DA:5,3
LF:2
LH:2
BRF:0
BRH:0
end_of_record
TN:
SF:/Users/samhouse/Documents/Coding/bootcamp/final_project/tech_hunt/app/assets/javascripts/components/applicationsContainer.js
FN:7,(anonymous_10)
FNF:1
FNH:1
FNDA:7,(anonymous_10)
DA:1,1
DA:2,1
DA:3,1
DA:6,4
DA:7,4
DA:8,7
DA:9,7
DA:25,4
LF:8
LH:8
BRDA:8,0,0,1
BRDA:8,0,1,6
BRF:2
BRH:2
end_of_record
TN:
SF:/Users/samhouse/Documents/Coding/bootcamp/final_project/tech_hunt/app/assets/javascripts/components/dashboard.js
FNF:0
FNH:0
DA:1,1
DA:2,1
DA:3,1
DA:4,1
DA:5,1
DA:9,2
DA:21,2
DA:44,2
DA:52,2
DA:58,2
LF:10
LH:10
BRF:0
BRH:0
end_of_record
TN:
SF:/Users/samhouse/Documents/Coding/bootcamp/final_project/tech_hunt/app/assets/javascripts/components/header.js
FN:6,Header
FN:32,(anonymous_12)
FN:68,(anonymous_14)
FN:80,(anonymous_15)
FNF:4
FNH:1
FNDA:13,Header
FNDA:0,(anonymous_12)
FNDA:0,(anonymous_14)
FNDA:0,(anonymous_15)
DA:1,1
DA:2,1
DA:3,1
DA:6,39
DA:8,13
DA:9,13
DA:10,13
DA:21,0
DA:25,0
DA:26,0
DA:33,0
DA:39,14
DA:40,3
DA:53,11
DA:62,14
DA:63,0
DA:68,0
DA:69,0
DA:74,14
DA:75,0
DA:80,0
DA:81,0
DA:85,14
LF:23
LH:13
BRDA:6,0,0,13
BRDA:6,0,1,0
BRDA:39,1,0,3
BRDA:39,1,1,11
BRDA:62,2,0,0
BRDA:62,2,1,14
BRDA:74,3,0,0
BRDA:74,3,1,14
BRF:8
BRH:5
end_of_record
TN:
SF:/Users/samhouse/Documents/Coding/bootcamp/final_project/tech_hunt/app/assets/javascripts/components/homePage.js
FN:14,HomePage
FNF:1
FNH:1
FNDA:6,HomePage
DA:1,1
DA:2,1
DA:3,1
DA:4,1
DA:6,1
DA:7,1
DA:8,1
DA:9,1
DA:11,1
DA:14,18
DA:16,6
DA:19,6
LF:12
LH:12
BRDA:14,0,0,6
BRDA:14,0,1,0
BRDA:16,1,0,6
BRDA:16,1,1,0
BRDA:16,2,0,0
BRDA:16,2,1,6
BRDA:16,3,0,0
BRDA:16,3,1,0
BRF:8
BRH:3
end_of_record
TN:
SF:/Users/samhouse/Documents/Coding/bootcamp/final_project/tech_hunt/app/assets/javascripts/components/logIn.js
FN:8,LogIn
FN:39,(anonymous_11)
FN:42,(anonymous_12)
FNF:3
FNH:0
FNDA:0,LogIn
FNDA:0,(anonymous_11)
FNDA:0,(anonymous_12)
DA:1,1
DA:2,1
DA:3,1
DA:4,1
DA:5,1
DA:8,0
DA:10,0
DA:15,0
DA:16,0
DA:17,0
DA:22,0
DA:25,0
DA:28,0
DA:31,0
DA:32,0
DA:33,0
DA:40,0
DA:43,0
DA:48,0
DA:49,0
DA:60,0
LF:21
LH:5
BRDA:8,0,0,0
BRDA:8,0,1,0
BRDA:48,1,0,0
BRDA:48,1,1,0
BRF:4
BRH:0
end_of_record
TN:
SF:/Users/samhouse/Documents/Coding/bootcamp/final_project/tech_hunt/app/assets/javascripts/components/psychologicalChart.js
FN:6,PsychologicalChart
FN:90,(anonymous_13)
FN:91,(anonymous_14)
FN:95,(anonymous_15)
FN:100,(anonymous_16)
FN:101,(anonymous_17)
FN:102,(anonymous_18)
FN:103,(anonymous_19)
FN:115,type
FN:139,(anonymous_21)
FNF:10
FNH:5
FNDA:8,PsychologicalChart
FNDA:16,(anonymous_13)
FNDA:20,(anonymous_14)
FNDA:16,(anonymous_15)
FNDA:0,(anonymous_16)
FNDA:0,(anonymous_17)
FNDA:0,(anonymous_18)
FNDA:0,(anonymous_19)
FNDA:0,type
FNDA:16,(anonymous_21)
DA:1,1
DA:2,1
DA:3,1
DA:6,24
DA:8,8
DA:9,8
DA:13,8
DA:15,4
DA:16,4
DA:18,4
DA:19,4
DA:28,4
DA:29,4
DA:30,4
DA:36,4
DA:49,4
DA:52,4
DA:62,4
DA:66,4
DA:67,4
DA:68,4
DA:70,4
DA:73,4
DA:76,4
DA:79,4
DA:84,4
DA:90,16
DA:91,20
DA:93,4
DA:94,4
DA:95,16
DA:97,4
DA:100,0
DA:101,0
DA:102,0
DA:103,0
DA:105,4
DA:110,4
DA:116,0
DA:117,0
DA:121,4
DA:124,4
DA:126,4
DA:129,4
DA:130,4
DA:132,4
DA:136,4
DA:139,16
DA:140,4
DA:141,4
DA:142,4
DA:148,8
LF:52
LH:46
BRDA:6,0,0,8
BRDA:6,0,1,0
BRDA:14,1,0,4
BRDA:14,1,1,4
BRDA:100,2,0,0
BRDA:100,2,1,0
BRF:6
BRH:3
end_of_record
TN:
SF:/Users/samhouse/Documents/Coding/bootcamp/final_project/tech_hunt/app/assets/javascripts/components/registration.js
FN:8,Registration
FN:52,(anonymous_11)
FN:64,(anonymous_12)
FN:67,(anonymous_13)
FN:85,(anonymous_14)
FN:88,(anonymous_15)
FN:98,(anonymous_16)
FNF:7
FNH:1
FNDA:2,Registration
FNDA:0,(anonymous_11)
FNDA:0,(anonymous_12)
FNDA:0,(anonymous_13)
FNDA:0,(anonymous_14)
FNDA:0,(anonymous_15)
FNDA:0,(anonymous_16)
DA:1,1
DA:2,1
DA:3,1
DA:4,1
DA:5,1
DA:8,6
DA:10,2
DA:20,2
DA:21,2
DA:22,2
DA:23,2
DA:28,0
DA:31,0
DA:34,0
DA:37,0
DA:38,0
DA:39,0
DA:52,0
DA:53,0
DA:54,0
DA:65,0
DA:68,0
DA:73,0
DA:76,0
DA:86,0
DA:89,0
DA:94,0
DA:99,0
DA:105,0
DA:106,0
DA:111,1
DA:116,3
DA:117,2
DA:129,1
DA:130,1
DA:140,3
LF:36
LH:17
BRDA:8,0,0,2
BRDA:8,0,1,0
BRDA:53,1,0,0
BRDA:53,1,1,0
BRDA:105,2,0,0
BRDA:105,2,1,0
BRDA:116,3,0,2
BRDA:116,3,1,1
BRDA:129,4,0,1
BRDA:129,4,1,0
BRF:10
BRH:4
end_of_record
TN:
SF:/Users/samhouse/Documents/Coding/bootcamp/final_project/tech_hunt/app/assets/javascripts/components/result.js
FNF:0
FNH:0
DA:1,1
DA:2,1
DA:6,2
LF:3
LH:3
BRF:0
BRH:0
end_of_record
TN:
SF:/Users/samhouse/Documents/Coding/bootcamp/final_project/tech_hunt/app/assets/javascripts/components/resultsContainer.js
FN:8,(anonymous_10)
FNF:1
FNH:1
FNDA:1,(anonymous_10)
DA:1,1
DA:2,1
DA:3,1
DA:4,1
DA:8,1
DA:9,1
DA:11,1
LF:7
LH:7
BRDA:18,0,0,1
BRDA:18,0,1,0
BRF:2
BRH:1
end_of_record
TN:
SF:/Users/samhouse/Documents/Coding/bootcamp/final_project/tech_hunt/app/assets/javascripts/components/search.js
FN:7,Search
FN:18,(anonymous_11)
FNF:2
FNH:2
FNDA:9,Search
FNDA:30,(anonymous_11)
DA:1,1
DA:2,1
DA:4,1
DA:7,27
DA:9,9
DA:10,9
DA:14,1
DA:18,10
DA:19,30
DA:22,10
LF:10
LH:10
BRDA:7,0,0,9
BRDA:7,0,1,0
BRF:2
BRH:1
end_of_record
